{"numFailedTestSuites":0,"numFailedTests":0,"numPassedTestSuites":5,"numPassedTests":8,"numPendingTestSuites":0,"numPendingTests":0,"numRuntimeErrorTestSuites":0,"numTodoTests":0,"numTotalTestSuites":5,"numTotalTests":8,"openHandles":[],"snapshot":{"added":0,"didUpdate":false,"failure":false,"filesAdded":0,"filesRemoved":0,"filesRemovedList":[],"filesUnmatched":0,"filesUpdated":0,"matched":0,"total":0,"unchecked":0,"uncheckedKeysByFile":[],"unmatched":0,"updated":0},"startTime":1618224701053,"success":true,"testResults":[{"assertionResults":[{"ancestorTitles":["StatusBanner","when given valid props"],"failureMessages":[],"fullName":"StatusBanner when given valid props renders","location":null,"status":"passed","title":"renders"}],"endTime":1618224706015,"message":"","name":"/home/dacm/Projects/hods-poc/components/status-banner/spec/StatusBanner.ts","startTime":1618224702521,"status":"passed","summary":""},{"assertionResults":[{"ancestorTitles":["Alert","when given valid props"],"failureMessages":[],"fullName":"Alert when given valid props renders","location":null,"status":"passed","title":"renders"}],"endTime":1618224706124,"message":"","name":"/home/dacm/Projects/hods-poc/components/alert/spec/Alert.ts","startTime":1618224702521,"status":"passed","summary":""},{"assertionResults":[{"ancestorTitles":["Footer","when given no props"],"failureMessages":[],"fullName":"Footer when given no props renders","location":null,"status":"passed","title":"renders"},{"ancestorTitles":["Footer","when given valid props"],"failureMessages":[],"fullName":"Footer when given valid props renders","location":null,"status":"passed","title":"renders"}],"endTime":1618224709822,"message":"","name":"/home/dacm/Projects/hods-poc/components/footer/spec/Footer.ts","startTime":1618224702519,"status":"passed","summary":""},{"assertionResults":[{"ancestorTitles":["Header","when given no props"],"failureMessages":[],"fullName":"Header when given no props renders","location":null,"status":"passed","title":"renders"},{"ancestorTitles":["Header","when given valid props"],"failureMessages":[],"fullName":"Header when given valid props renders","location":null,"status":"passed","title":"renders"}],"endTime":1618224710040,"message":"","name":"/home/dacm/Projects/hods-poc/components/header/spec/Header.ts","startTime":1618224702529,"status":"passed","summary":""},{"assertionResults":[{"ancestorTitles":["Page","when given no props"],"failureMessages":[],"fullName":"Page when given no props renders","location":null,"status":"passed","title":"renders"},{"ancestorTitles":["Page","when given valid props"],"failureMessages":[],"fullName":"Page when given valid props renders","location":null,"status":"passed","title":"renders"}],"endTime":1618224711708,"message":"","name":"/home/dacm/Projects/hods-poc/components/page/spec/Page.ts","startTime":1618224702524,"status":"passed","summary":""}],"wasInterrupted":false,"coverageMap":{}}