{"numFailedTestSuites":0,"numFailedTests":0,"numPassedTestSuites":1,"numPassedTests":2,"numPendingTestSuites":0,"numPendingTests":0,"numRuntimeErrorTestSuites":0,"numTodoTests":0,"numTotalTestSuites":1,"numTotalTests":2,"openHandles":[],"snapshot":{"added":0,"didUpdate":false,"failure":false,"filesAdded":0,"filesRemoved":0,"filesRemovedList":[],"filesUnmatched":0,"filesUpdated":0,"matched":0,"total":0,"unchecked":0,"uncheckedKeysByFile":[],"unmatched":0,"updated":0},"startTime":1598454608166,"success":true,"testResults":[{"assertionResults":[{"ancestorTitles":["Header","when given no props"],"failureMessages":[],"fullName":"Header when given no props renders","location":null,"status":"passed","title":"renders"},{"ancestorTitles":["Header","when given valid props"],"failureMessages":[],"fullName":"Header when given valid props renders","location":null,"status":"passed","title":"renders"}],"endTime":1598454617233,"message":"","name":"/home/dacm/Projects/hods-poc/components/header/spec/Header.ts","startTime":1598454608893,"status":"passed","summary":""}],"wasInterrupted":false,"coverageMap":{}}